0 info it worked if it ends with ok
1 verbose cli [ '/usr/local/Cellar/node/5.1.1/bin/node',
1 verbose cli   '/usr/local/bin/npm',
1 verbose cli   'install',
1 verbose cli   'ringcentral-web-phone' ]
2 info using npm@3.3.12
3 info using node@v5.1.1
4 silly loadCurrentTree Starting
5 silly install loadCurrentTree
6 silly install readLocalPackageData
7 silly fetchPackageMetaData ringcentral-web-phone
8 silly fetchNamedPackageData ringcentral-web-phone
9 silly mapToRegistry name ringcentral-web-phone
10 silly mapToRegistry using default registry
11 silly mapToRegistry registry https://registry.npmjs.org/
12 silly mapToRegistry uri https://registry.npmjs.org/ringcentral-web-phone
13 verbose request uri https://registry.npmjs.org/ringcentral-web-phone
14 verbose request no auth needed
15 info attempt registry request try #1 at 12:54:23 AM
16 verbose request id f24c5f447bddd430
17 http request GET https://registry.npmjs.org/ringcentral-web-phone
18 info retry will retry, error on last attempt: Error: getaddrinfo ENOTFOUND registry.npmjs.org registry.npmjs.org:443
19 info attempt registry request try #2 at 12:54:33 AM
20 http request GET https://registry.npmjs.org/ringcentral-web-phone
21 info retry will retry, error on last attempt: Error: getaddrinfo ENOTFOUND registry.npmjs.org registry.npmjs.org:443
22 info attempt registry request try #3 at 12:55:33 AM
23 http request GET https://registry.npmjs.org/ringcentral-web-phone
24 silly fetchPackageMetaData Error: getaddrinfo ENOTFOUND registry.npmjs.org registry.npmjs.org:443
24 silly fetchPackageMetaData     at errnoException (dns.js:26:10)
24 silly fetchPackageMetaData     at GetAddrInfoReqWrap.onlookup [as oncomplete] (dns.js:77:26)
24 silly fetchPackageMetaData  error for ringcentral-web-phone { [Error: getaddrinfo ENOTFOUND registry.npmjs.org registry.npmjs.org:443]
24 silly fetchPackageMetaData   code: 'ENOTFOUND',
24 silly fetchPackageMetaData   errno: 'ENOTFOUND',
24 silly fetchPackageMetaData   syscall: 'getaddrinfo',
24 silly fetchPackageMetaData   hostname: 'registry.npmjs.org',
24 silly fetchPackageMetaData   host: 'registry.npmjs.org',
24 silly fetchPackageMetaData   port: 443 }
25 silly rollbackFailedOptional Starting
26 silly rollbackFailedOptional Finishing
27 silly runTopLevelLifecycles Starting
28 silly runTopLevelLifecycles Finishing
29 silly install printInstalled
30 verbose stack Error: getaddrinfo ENOTFOUND registry.npmjs.org registry.npmjs.org:443
30 verbose stack     at errnoException (dns.js:26:10)
30 verbose stack     at GetAddrInfoReqWrap.onlookup [as oncomplete] (dns.js:77:26)
31 verbose cwd /Users/Nicks_Home/Desktop/sinch/sinch_app
32 error Darwin 14.5.0
33 error argv "/usr/local/Cellar/node/5.1.1/bin/node" "/usr/local/bin/npm" "install" "ringcentral-web-phone"
34 error node v5.1.1
35 error npm  v3.3.12
36 error code ENOTFOUND
37 error errno ENOTFOUND
38 error syscall getaddrinfo
39 error network getaddrinfo ENOTFOUND registry.npmjs.org registry.npmjs.org:443
39 error network This is most likely not a problem with npm itself
39 error network and is related to network connectivity.
39 error network In most cases you are behind a proxy or have bad network settings.
39 error network
39 error network If you are behind a proxy, please make sure that the
39 error network 'proxy' config is set properly.  See: 'npm help config'
40 verbose exit [ 1, true ]
